<?xml version="1.0" encoding="UTF-8"?>
<testsuite xmlns:xsi="http://www.w3.org/2001/XMLSchema-instance" xsi:noNamespaceSchemaLocation="https://maven.apache.org/surefire/maven-surefire-plugin/xsd/surefire-test-report-3.0.xsd" version="3.0" name="com.javatechie.SwiggyGatewayApplicationTests" time="7.144" tests="1" errors="0" skipped="0" failures="0">
  <properties>
[...]
</properties>
  <testcase name="contextLoads" classname="com.javatechie.SwiggyGatewayApplicationTests" time="0.756">
    <system-out><![CDATA[22:07:04.175 [main] INFO org.springframework.test.context.support.AnnotationConfigContextLoaderUtils -- Could not detect default configuration classes for test class [com.javatechie.SwiggyGatewayApplicationTests]: SwiggyGatewayApplicationTests does not declare any static, non-private, non-final, nested classes annotated with @Configuration.
22:07:04.321 [main] INFO org.springframework.boot.test.context.SpringBootTestContextBootstrapper -- Found @SpringBootConfiguration com.javatechie.SwiggyGatewayApplication for test class com.javatechie.SwiggyGatewayApplicationTests

  .   ____          _            __ _ _
 /\\ / ___'_ __ _ _(_)_ __  __ _ \ \ \ \
( ( )\___ | '_ | '_| | '_ \/ _` | \ \ \ \
 \\/  ___)| |_)| | | | | || (_| |  ) ) ) )
  '  |____| .__|_| |_|_| |_\__, | / / / /
 =========|_|==============|___/=/_/_/_/
 :: Spring Boot ::                (v3.2.4)

2024-05-28T22:07:05.012+06:00  INFO 6539 --- [API-GATEWAY] [           main] c.j.SwiggyGatewayApplicationTests        : Starting SwiggyGatewayApplicationTests using Java 17.0.10 with PID 6539 (started by olzhaskaidar in /Users/olzhaskaidar/Desktop/pet-project/bi-project-microservices/swiggy-gateway)
2024-05-28T22:07:05.014+06:00  INFO 6539 --- [API-GATEWAY] [           main] c.j.SwiggyGatewayApplicationTests        : No active profile set, falling back to 1 default profile: "default"
2024-05-28T22:07:07.005+06:00  INFO 6539 --- [API-GATEWAY] [           main] o.s.cloud.context.scope.GenericScope     : BeanFactory id=e87258f0-fa6d-3b55-bf00-b28c8aa8fe0d
2024-05-28T22:07:07.190+06:00  WARN 6539 --- [API-GATEWAY] [           main] trationDelegate$BeanPostProcessorChecker : Bean 'org.springframework.cloud.client.loadbalancer.LoadBalancerAutoConfiguration$LoadBalancerInterceptorConfig' of type [org.springframework.cloud.client.loadbalancer.LoadBalancerAutoConfiguration$LoadBalancerInterceptorConfig] is not eligible for getting processed by all BeanPostProcessors (for example: not eligible for auto-proxying). The currently created BeanPostProcessor [lbRestClientPostProcessor] is declared through a non-static factory method on that class; consider declaring it as static instead.
2024-05-28T22:07:07.192+06:00  WARN 6539 --- [API-GATEWAY] [           main] trationDelegate$BeanPostProcessorChecker : Bean 'org.springframework.cloud.loadbalancer.config.BlockingLoadBalancerClientAutoConfiguration' of type [org.springframework.cloud.loadbalancer.config.BlockingLoadBalancerClientAutoConfiguration] is not eligible for getting processed by all BeanPostProcessors (for example: not eligible for auto-proxying). Is this bean getting eagerly injected into a currently created BeanPostProcessor [lbRestClientPostProcessor]? Check the corresponding BeanPostProcessor declaration and its dependencies.
2024-05-28T22:07:07.194+06:00  WARN 6539 --- [API-GATEWAY] [           main] trationDelegate$BeanPostProcessorChecker : Bean 'org.springframework.cloud.loadbalancer.config.LoadBalancerAutoConfiguration' of type [org.springframework.cloud.loadbalancer.config.LoadBalancerAutoConfiguration] is not eligible for getting processed by all BeanPostProcessors (for example: not eligible for auto-proxying). Is this bean getting eagerly injected into a currently created BeanPostProcessor [lbRestClientPostProcessor]? Check the corresponding BeanPostProcessor declaration and its dependencies.
2024-05-28T22:07:07.202+06:00  WARN 6539 --- [API-GATEWAY] [           main] trationDelegate$BeanPostProcessorChecker : Bean 'org.springframework.cloud.commons.config.CommonsConfigAutoConfiguration' of type [org.springframework.cloud.commons.config.CommonsConfigAutoConfiguration] is not eligible for getting processed by all BeanPostProcessors (for example: not eligible for auto-proxying). Is this bean getting eagerly injected into a currently created BeanPostProcessor [lbRestClientPostProcessor]? Check the corresponding BeanPostProcessor declaration and its dependencies.
2024-05-28T22:07:07.205+06:00  WARN 6539 --- [API-GATEWAY] [           main] trationDelegate$BeanPostProcessorChecker : Bean 'org.springframework.cloud.client.loadbalancer.LoadBalancerDefaultMappingsProviderAutoConfiguration' of type [org.springframework.cloud.client.loadbalancer.LoadBalancerDefaultMappingsProviderAutoConfiguration] is not eligible for getting processed by all BeanPostProcessors (for example: not eligible for auto-proxying). Is this bean getting eagerly injected into a currently created BeanPostProcessor [lbRestClientPostProcessor]? Check the corresponding BeanPostProcessor declaration and its dependencies.
2024-05-28T22:07:07.205+06:00  WARN 6539 --- [API-GATEWAY] [           main] trationDelegate$BeanPostProcessorChecker : Bean 'loadBalancerClientsDefaultsMappingsProvider' of type [org.springframework.cloud.client.loadbalancer.LoadBalancerDefaultMappingsProviderAutoConfiguration$$Lambda$852/0x000000012f42ec10] is not eligible for getting processed by all BeanPostProcessors (for example: not eligible for auto-proxying). Is this bean getting eagerly injected into a currently created BeanPostProcessor [lbRestClientPostProcessor]? Check the corresponding BeanPostProcessor declaration and its dependencies.
2024-05-28T22:07:07.207+06:00  WARN 6539 --- [API-GATEWAY] [           main] trationDelegate$BeanPostProcessorChecker : Bean 'defaultsBindHandlerAdvisor' of type [org.springframework.cloud.commons.config.DefaultsBindHandlerAdvisor] is not eligible for getting processed by all BeanPostProcessors (for example: not eligible for auto-proxying). Is this bean getting eagerly injected into a currently created BeanPostProcessor [lbRestClientPostProcessor]? Check the corresponding BeanPostProcessor declaration and its dependencies.
2024-05-28T22:07:07.226+06:00  WARN 6539 --- [API-GATEWAY] [           main] trationDelegate$BeanPostProcessorChecker : Bean 'spring.cloud.loadbalancer-org.springframework.cloud.client.loadbalancer.LoadBalancerClientsProperties' of type [org.springframework.cloud.client.loadbalancer.LoadBalancerClientsProperties] is not eligible for getting processed by all BeanPostProcessors (for example: not eligible for auto-proxying). Is this bean getting eagerly injected into a currently created BeanPostProcessor [lbRestClientPostProcessor]? Check the corresponding BeanPostProcessor declaration and its dependencies.
2024-05-28T22:07:07.236+06:00  WARN 6539 --- [API-GATEWAY] [           main] trationDelegate$BeanPostProcessorChecker : Bean 'default.org.springframework.cloud.loadbalancer.config.LoadBalancerAutoConfiguration.LoadBalancerClientSpecification' of type [org.springframework.cloud.loadbalancer.annotation.LoadBalancerClientSpecification] is not eligible for getting processed by all BeanPostProcessors (for example: not eligible for auto-proxying). Is this bean getting eagerly injected into a currently created BeanPostProcessor [lbRestClientPostProcessor]? Check the corresponding BeanPostProcessor declaration and its dependencies.
2024-05-28T22:07:07.239+06:00  WARN 6539 --- [API-GATEWAY] [           main] trationDelegate$BeanPostProcessorChecker : Bean 'default.org.springframework.cloud.loadbalancer.config.BlockingLoadBalancerClientAutoConfiguration.LoadBalancerClientSpecification' of type [org.springframework.cloud.loadbalancer.annotation.LoadBalancerClientSpecification] is not eligible for getting processed by all BeanPostProcessors (for example: not eligible for auto-proxying). Is this bean getting eagerly injected into a currently created BeanPostProcessor [lbRestClientPostProcessor]? Check the corresponding BeanPostProcessor declaration and its dependencies.
2024-05-28T22:07:07.239+06:00  WARN 6539 --- [API-GATEWAY] [           main] trationDelegate$BeanPostProcessorChecker : Bean 'default.org.springframework.cloud.netflix.eureka.loadbalancer.LoadBalancerEurekaAutoConfiguration.LoadBalancerClientSpecification' of type [org.springframework.cloud.loadbalancer.annotation.LoadBalancerClientSpecification] is not eligible for getting processed by all BeanPostProcessors (for example: not eligible for auto-proxying). Is this bean getting eagerly injected into a currently created BeanPostProcessor [lbRestClientPostProcessor]? Check the corresponding BeanPostProcessor declaration and its dependencies.
2024-05-28T22:07:07.245+06:00  WARN 6539 --- [API-GATEWAY] [           main] trationDelegate$BeanPostProcessorChecker : Bean 'loadBalancerClientFactory' of type [org.springframework.cloud.loadbalancer.support.LoadBalancerClientFactory] is not eligible for getting processed by all BeanPostProcessors (for example: not eligible for auto-proxying). Is this bean getting eagerly injected into a currently created BeanPostProcessor [lbRestClientPostProcessor]? Check the corresponding BeanPostProcessor declaration and its dependencies.
2024-05-28T22:07:07.247+06:00  WARN 6539 --- [API-GATEWAY] [           main] trationDelegate$BeanPostProcessorChecker : Bean 'blockingLoadBalancerClient' of type [org.springframework.cloud.loadbalancer.blocking.client.BlockingLoadBalancerClient] is not eligible for getting processed by all BeanPostProcessors (for example: not eligible for auto-proxying). Is this bean getting eagerly injected into a currently created BeanPostProcessor [lbRestClientPostProcessor]? Check the corresponding BeanPostProcessor declaration and its dependencies.
2024-05-28T22:07:07.257+06:00  WARN 6539 --- [API-GATEWAY] [           main] trationDelegate$BeanPostProcessorChecker : Bean 'loadBalancerServiceInstanceCookieTransformer' of type [org.springframework.cloud.loadbalancer.core.LoadBalancerServiceInstanceCookieTransformer] is not eligible for getting processed by all BeanPostProcessors (for example: not eligible for auto-proxying). Is this bean getting eagerly injected into a currently created BeanPostProcessor [lbRestClientPostProcessor]? Check the corresponding BeanPostProcessor declaration and its dependencies.
2024-05-28T22:07:07.258+06:00  WARN 6539 --- [API-GATEWAY] [           main] trationDelegate$BeanPostProcessorChecker : Bean 'xForwarderHeadersTransformer' of type [org.springframework.cloud.loadbalancer.blocking.XForwardedHeadersTransformer] is not eligible for getting processed by all BeanPostProcessors (for example: not eligible for auto-proxying). Is this bean getting eagerly injected into a currently created BeanPostProcessor [lbRestClientPostProcessor]? Check the corresponding BeanPostProcessor declaration and its dependencies.
2024-05-28T22:07:07.260+06:00  WARN 6539 --- [API-GATEWAY] [           main] trationDelegate$BeanPostProcessorChecker : Bean 'org.springframework.cloud.client.loadbalancer.LoadBalancerAutoConfiguration' of type [org.springframework.cloud.client.loadbalancer.LoadBalancerAutoConfiguration] is not eligible for getting processed by all BeanPostProcessors (for example: not eligible for auto-proxying). Is this bean getting eagerly injected into a currently created BeanPostProcessor [lbRestClientPostProcessor]? Check the corresponding BeanPostProcessor declaration and its dependencies.
2024-05-28T22:07:07.261+06:00  WARN 6539 --- [API-GATEWAY] [           main] trationDelegate$BeanPostProcessorChecker : Bean 'loadBalancerRequestFactory' of type [org.springframework.cloud.client.loadbalancer.LoadBalancerRequestFactory] is not eligible for getting processed by all BeanPostProcessors (for example: not eligible for auto-proxying). Is this bean getting eagerly injected into a currently created BeanPostProcessor [lbRestClientPostProcessor]? Check the corresponding BeanPostProcessor declaration and its dependencies.
2024-05-28T22:07:07.262+06:00  WARN 6539 --- [API-GATEWAY] [           main] trationDelegate$BeanPostProcessorChecker : Bean 'loadBalancerInterceptor' of type [org.springframework.cloud.client.loadbalancer.LoadBalancerInterceptor] is not eligible for getting processed by all BeanPostProcessors (for example: not eligible for auto-proxying). Is this bean getting eagerly injected into a currently created BeanPostProcessor [lbRestClientPostProcessor]? Check the corresponding BeanPostProcessor declaration and its dependencies.
2024-05-28T22:07:07.266+06:00  WARN 6539 --- [API-GATEWAY] [           main] trationDelegate$BeanPostProcessorChecker : Bean 'org.springframework.cloud.client.loadbalancer.reactive.LoadBalancerBeanPostProcessorAutoConfiguration' of type [org.springframework.cloud.client.loadbalancer.reactive.LoadBalancerBeanPostProcessorAutoConfiguration] is not eligible for getting processed by all BeanPostProcessors (for example: not eligible for auto-proxying). The currently created BeanPostProcessor [loadBalancerWebClientBuilderBeanPostProcessor] is declared through a non-static factory method on that class; consider declaring it as static instead.
2024-05-28T22:07:07.267+06:00  WARN 6539 --- [API-GATEWAY] [           main] trationDelegate$BeanPostProcessorChecker : Bean 'org.springframework.cloud.client.loadbalancer.reactive.LoadBalancerBeanPostProcessorAutoConfiguration$ReactorDeferringLoadBalancerFilterConfig' of type [org.springframework.cloud.client.loadbalancer.reactive.LoadBalancerBeanPostProcessorAutoConfiguration$ReactorDeferringLoadBalancerFilterConfig] is not eligible for getting processed by all BeanPostProcessors (for example: not eligible for auto-proxying). Is this bean getting eagerly injected into a currently created BeanPostProcessor [loadBalancerWebClientBuilderBeanPostProcessor]? Check the corresponding BeanPostProcessor declaration and its dependencies.
2024-05-28T22:07:07.269+06:00  WARN 6539 --- [API-GATEWAY] [           main] trationDelegate$BeanPostProcessorChecker : Bean 'reactorDeferringLoadBalancerExchangeFilterFunction' of type [org.springframework.cloud.client.loadbalancer.reactive.DeferringLoadBalancerExchangeFilterFunction] is not eligible for getting processed by all BeanPostProcessors (for example: not eligible for auto-proxying). Is this bean getting eagerly injected into a currently created BeanPostProcessor [loadBalancerWebClientBuilderBeanPostProcessor]? Check the corresponding BeanPostProcessor declaration and its dependencies.
2024-05-28T22:07:08.530+06:00  INFO 6539 --- [API-GATEWAY] [           main] o.s.c.g.r.RouteDefinitionRouteLocator    : Loaded RoutePredicateFactory [After]
2024-05-28T22:07:08.531+06:00  INFO 6539 --- [API-GATEWAY] [           main] o.s.c.g.r.RouteDefinitionRouteLocator    : Loaded RoutePredicateFactory [Before]
2024-05-28T22:07:08.532+06:00  INFO 6539 --- [API-GATEWAY] [           main] o.s.c.g.r.RouteDefinitionRouteLocator    : Loaded RoutePredicateFactory [Between]
2024-05-28T22:07:08.532+06:00  INFO 6539 --- [API-GATEWAY] [           main] o.s.c.g.r.RouteDefinitionRouteLocator    : Loaded RoutePredicateFactory [Cookie]
2024-05-28T22:07:08.532+06:00  INFO 6539 --- [API-GATEWAY] [           main] o.s.c.g.r.RouteDefinitionRouteLocator    : Loaded RoutePredicateFactory [Header]
2024-05-28T22:07:08.532+06:00  INFO 6539 --- [API-GATEWAY] [           main] o.s.c.g.r.RouteDefinitionRouteLocator    : Loaded RoutePredicateFactory [Host]
2024-05-28T22:07:08.532+06:00  INFO 6539 --- [API-GATEWAY] [           main] o.s.c.g.r.RouteDefinitionRouteLocator    : Loaded RoutePredicateFactory [Method]
2024-05-28T22:07:08.532+06:00  INFO 6539 --- [API-GATEWAY] [           main] o.s.c.g.r.RouteDefinitionRouteLocator    : Loaded RoutePredicateFactory [Path]
2024-05-28T22:07:08.532+06:00  INFO 6539 --- [API-GATEWAY] [           main] o.s.c.g.r.RouteDefinitionRouteLocator    : Loaded RoutePredicateFactory [Query]
2024-05-28T22:07:08.532+06:00  INFO 6539 --- [API-GATEWAY] [           main] o.s.c.g.r.RouteDefinitionRouteLocator    : Loaded RoutePredicateFactory [ReadBody]
2024-05-28T22:07:08.534+06:00  INFO 6539 --- [API-GATEWAY] [           main] o.s.c.g.r.RouteDefinitionRouteLocator    : Loaded RoutePredicateFactory [RemoteAddr]
2024-05-28T22:07:08.534+06:00  INFO 6539 --- [API-GATEWAY] [           main] o.s.c.g.r.RouteDefinitionRouteLocator    : Loaded RoutePredicateFactory [XForwardedRemoteAddr]
2024-05-28T22:07:08.534+06:00  INFO 6539 --- [API-GATEWAY] [           main] o.s.c.g.r.RouteDefinitionRouteLocator    : Loaded RoutePredicateFactory [Weight]
2024-05-28T22:07:08.535+06:00  INFO 6539 --- [API-GATEWAY] [           main] o.s.c.g.r.RouteDefinitionRouteLocator    : Loaded RoutePredicateFactory [CloudFoundryRouteService]
2024-05-28T22:07:08.950+06:00  INFO 6539 --- [API-GATEWAY] [           main] o.s.b.a.e.web.EndpointLinksResolver      : Exposing 1 endpoint(s) beneath base path '/actuator'
2024-05-28T22:07:09.501+06:00  INFO 6539 --- [API-GATEWAY] [           main] DiscoveryClientOptionalArgsConfiguration : Eureka HTTP Client uses RestTemplate.
2024-05-28T22:07:09.527+06:00  WARN 6539 --- [API-GATEWAY] [           main] iguration$LoadBalancerCaffeineWarnLogger : Spring Cloud LoadBalancer is currently working with the default cache. While this cache implementation is useful for development and tests, it's recommended to use Caffeine cache in production.You can switch to using Caffeine cache, by adding it and org.springframework.cache.caffeine.CaffeineCacheManager to the classpath.
2024-05-28T22:07:09.600+06:00  INFO 6539 --- [API-GATEWAY] [           main] o.s.c.n.eureka.InstanceInfoFactory       : Setting initial instance status as: STARTING
2024-05-28T22:07:09.677+06:00  INFO 6539 --- [API-GATEWAY] [           main] com.netflix.discovery.DiscoveryClient    : Initializing Eureka in region us-east-1
2024-05-28T22:07:09.681+06:00  INFO 6539 --- [API-GATEWAY] [           main] c.n.d.s.r.aws.ConfigClusterResolver      : Resolving eureka endpoints via configuration
2024-05-28T22:07:09.706+06:00  INFO 6539 --- [API-GATEWAY] [           main] com.netflix.discovery.DiscoveryClient    : Disable delta property : false
2024-05-28T22:07:09.707+06:00  INFO 6539 --- [API-GATEWAY] [           main] com.netflix.discovery.DiscoveryClient    : Single vip registry refresh property : null
2024-05-28T22:07:09.707+06:00  INFO 6539 --- [API-GATEWAY] [           main] com.netflix.discovery.DiscoveryClient    : Force full registry fetch : false
2024-05-28T22:07:09.707+06:00  INFO 6539 --- [API-GATEWAY] [           main] com.netflix.discovery.DiscoveryClient    : Application is null : false
2024-05-28T22:07:09.707+06:00  INFO 6539 --- [API-GATEWAY] [           main] com.netflix.discovery.DiscoveryClient    : Registered Applications size is zero : true
2024-05-28T22:07:09.707+06:00  INFO 6539 --- [API-GATEWAY] [           main] com.netflix.discovery.DiscoveryClient    : Application version is -1: true
2024-05-28T22:07:09.707+06:00  INFO 6539 --- [API-GATEWAY] [           main] com.netflix.discovery.DiscoveryClient    : Getting all instance registry info from the eureka server
2024-05-28T22:07:10.117+06:00  INFO 6539 --- [API-GATEWAY] [           main] com.netflix.discovery.DiscoveryClient    : The response status is 200
2024-05-28T22:07:10.125+06:00  INFO 6539 --- [API-GATEWAY] [           main] com.netflix.discovery.DiscoveryClient    : Starting heartbeat executor: renew interval is: 30
2024-05-28T22:07:10.128+06:00  INFO 6539 --- [API-GATEWAY] [           main] c.n.discovery.InstanceInfoReplicator     : InstanceInfoReplicator onDemand update allowed rate per min is 4
2024-05-28T22:07:10.133+06:00  INFO 6539 --- [API-GATEWAY] [           main] com.netflix.discovery.DiscoveryClient    : Discovery Client initialized at timestamp 1716912430133 with initial instances count: 3
2024-05-28T22:07:10.150+06:00  INFO 6539 --- [API-GATEWAY] [           main] o.s.c.n.e.s.EurekaServiceRegistry        : Registering application API-GATEWAY with eureka with status UP
2024-05-28T22:07:10.150+06:00  INFO 6539 --- [API-GATEWAY] [           main] com.netflix.discovery.DiscoveryClient    : Saw local status change event StatusChangeEvent [timestamp=1716912430150, current=UP, previous=STARTING]
2024-05-28T22:07:10.152+06:00  INFO 6539 --- [API-GATEWAY] [nfoReplicator-0] com.netflix.discovery.DiscoveryClient    : DiscoveryClient_API-GATEWAY/192.168.0.105:API-GATEWAY: registering service...
2024-05-28T22:07:10.257+06:00  INFO 6539 --- [API-GATEWAY] [nfoReplicator-0] com.netflix.discovery.DiscoveryClient    : DiscoveryClient_API-GATEWAY/192.168.0.105:API-GATEWAY - registration status: 204
2024-05-28T22:07:10.312+06:00  INFO 6539 --- [API-GATEWAY] [           main] c.j.SwiggyGatewayApplicationTests        : Started SwiggyGatewayApplicationTests in 5.85 seconds (process running for 7.096)
]]></system-out>
  </testcase>
</testsuite>